2018-11-30 14:11:01 [scrapy.utils.log] INFO: Scrapy 1.5.1 started (bot: Daomu)
2018-11-30 14:11:01 [scrapy.utils.log] INFO: Versions: lxml 3.5.0.0, libxml2 2.9.3, cssselect 1.0.3, parsel 1.5.1, w3lib 1.19.0, Twisted 18.9.0, Python 3.5.2 (default, Nov 12 2018, 13:43:14) - [GCC 5.4.0 20160609], pyOpenSSL 18.0.0 (OpenSSL 1.0.2g  1 Mar 2016), cryptography 2.4.2, Platform Linux-4.4.0-96-generic-x86_64-with-Ubuntu-16.04-xenial
2018-11-30 14:11:01 [scrapy.crawler] INFO: Overridden settings: {'BOT_NAME': 'Daomu', 'SPIDER_MODULES': ['Daomu.spiders'], 'NEWSPIDER_MODULE': 'Daomu.spiders', 'LOG_FILE': 'daomu.log'}
2018-11-30 14:11:01 [scrapy.middleware] INFO: Enabled extensions:
['scrapy.extensions.logstats.LogStats',
 'scrapy.extensions.memusage.MemoryUsage',
 'scrapy.extensions.corestats.CoreStats',
 'scrapy.extensions.telnet.TelnetConsole']
2018-11-30 14:11:01 [scrapy.middleware] INFO: Enabled downloader middlewares:
['scrapy.downloadermiddlewares.httpauth.HttpAuthMiddleware',
 'scrapy.downloadermiddlewares.downloadtimeout.DownloadTimeoutMiddleware',
 'scrapy.downloadermiddlewares.defaultheaders.DefaultHeadersMiddleware',
 'scrapy.downloadermiddlewares.useragent.UserAgentMiddleware',
 'scrapy.downloadermiddlewares.retry.RetryMiddleware',
 'scrapy.downloadermiddlewares.redirect.MetaRefreshMiddleware',
 'scrapy.downloadermiddlewares.httpcompression.HttpCompressionMiddleware',
 'scrapy.downloadermiddlewares.redirect.RedirectMiddleware',
 'scrapy.downloadermiddlewares.cookies.CookiesMiddleware',
 'scrapy.downloadermiddlewares.httpproxy.HttpProxyMiddleware',
 'scrapy.downloadermiddlewares.stats.DownloaderStats']
2018-11-30 14:11:01 [scrapy.middleware] INFO: Enabled spider middlewares:
['scrapy.spidermiddlewares.httperror.HttpErrorMiddleware',
 'scrapy.spidermiddlewares.offsite.OffsiteMiddleware',
 'scrapy.spidermiddlewares.referer.RefererMiddleware',
 'scrapy.spidermiddlewares.urllength.UrlLengthMiddleware',
 'scrapy.spidermiddlewares.depth.DepthMiddleware']
2018-11-30 14:11:01 [scrapy.middleware] INFO: Enabled item pipelines:
['Daomu.pipelines.DaomuPipeline']
2018-11-30 14:11:01 [scrapy.core.engine] INFO: Spider opened
2018-11-30 14:11:01 [scrapy.extensions.logstats] INFO: Crawled 0 pages (at 0 pages/min), scraped 0 items (at 0 items/min)
2018-11-30 14:11:01 [scrapy.extensions.telnet] DEBUG: Telnet console listening on 127.0.0.1:6023
2018-11-30 14:11:04 [scrapy.core.engine] DEBUG: Crawled (200) <GET http://www.daomubiji.com/dao-mu-bi-ji-1> (referer: None)
2018-11-30 14:11:04 [scrapy.core.scraper] DEBUG: Scraped from <200 http://www.daomubiji.com/dao-mu-bi-ji-1>
None
2018-11-30 14:11:04 [scrapy.core.scraper] DEBUG: Scraped from <200 http://www.daomubiji.com/dao-mu-bi-ji-1>
None
2018-11-30 14:11:04 [scrapy.core.scraper] DEBUG: Scraped from <200 http://www.daomubiji.com/dao-mu-bi-ji-1>
None
2018-11-30 14:11:04 [scrapy.core.scraper] DEBUG: Scraped from <200 http://www.daomubiji.com/dao-mu-bi-ji-1>
None
2018-11-30 14:11:04 [scrapy.core.scraper] DEBUG: Scraped from <200 http://www.daomubiji.com/dao-mu-bi-ji-1>
None
2018-11-30 14:11:04 [scrapy.core.scraper] DEBUG: Scraped from <200 http://www.daomubiji.com/dao-mu-bi-ji-1>
None
2018-11-30 14:11:04 [scrapy.core.scraper] DEBUG: Scraped from <200 http://www.daomubiji.com/dao-mu-bi-ji-1>
None
2018-11-30 14:11:04 [scrapy.core.scraper] DEBUG: Scraped from <200 http://www.daomubiji.com/dao-mu-bi-ji-1>
None
2018-11-30 14:11:04 [scrapy.core.scraper] DEBUG: Scraped from <200 http://www.daomubiji.com/dao-mu-bi-ji-1>
None
2018-11-30 14:11:04 [scrapy.core.scraper] DEBUG: Scraped from <200 http://www.daomubiji.com/dao-mu-bi-ji-1>
None
2018-11-30 14:11:04 [scrapy.core.scraper] DEBUG: Scraped from <200 http://www.daomubiji.com/dao-mu-bi-ji-1>
None
2018-11-30 14:11:04 [scrapy.core.scraper] DEBUG: Scraped from <200 http://www.daomubiji.com/dao-mu-bi-ji-1>
None
2018-11-30 14:11:04 [scrapy.core.scraper] DEBUG: Scraped from <200 http://www.daomubiji.com/dao-mu-bi-ji-1>
None
2018-11-30 14:11:04 [scrapy.core.scraper] DEBUG: Scraped from <200 http://www.daomubiji.com/dao-mu-bi-ji-1>
None
2018-11-30 14:11:04 [scrapy.core.scraper] DEBUG: Scraped from <200 http://www.daomubiji.com/dao-mu-bi-ji-1>
None
2018-11-30 14:11:04 [scrapy.core.scraper] DEBUG: Scraped from <200 http://www.daomubiji.com/dao-mu-bi-ji-1>
None
2018-11-30 14:11:04 [scrapy.core.scraper] DEBUG: Scraped from <200 http://www.daomubiji.com/dao-mu-bi-ji-1>
None
2018-11-30 14:11:04 [scrapy.core.scraper] DEBUG: Scraped from <200 http://www.daomubiji.com/dao-mu-bi-ji-1>
None
2018-11-30 14:11:04 [scrapy.core.scraper] DEBUG: Scraped from <200 http://www.daomubiji.com/dao-mu-bi-ji-1>
None
2018-11-30 14:11:04 [scrapy.core.scraper] DEBUG: Scraped from <200 http://www.daomubiji.com/dao-mu-bi-ji-1>
None
2018-11-30 14:11:04 [scrapy.core.scraper] DEBUG: Scraped from <200 http://www.daomubiji.com/dao-mu-bi-ji-1>
None
2018-11-30 14:11:04 [scrapy.core.scraper] DEBUG: Scraped from <200 http://www.daomubiji.com/dao-mu-bi-ji-1>
None
2018-11-30 14:11:04 [scrapy.core.scraper] DEBUG: Scraped from <200 http://www.daomubiji.com/dao-mu-bi-ji-1>
None
2018-11-30 14:11:04 [scrapy.core.scraper] DEBUG: Scraped from <200 http://www.daomubiji.com/dao-mu-bi-ji-1>
None
2018-11-30 14:11:04 [scrapy.core.scraper] DEBUG: Scraped from <200 http://www.daomubiji.com/dao-mu-bi-ji-1>
None
2018-11-30 14:11:04 [scrapy.core.scraper] DEBUG: Scraped from <200 http://www.daomubiji.com/dao-mu-bi-ji-1>
None
2018-11-30 14:11:04 [scrapy.core.scraper] DEBUG: Scraped from <200 http://www.daomubiji.com/dao-mu-bi-ji-1>
None
2018-11-30 14:11:04 [scrapy.core.scraper] DEBUG: Scraped from <200 http://www.daomubiji.com/dao-mu-bi-ji-1>
None
2018-11-30 14:11:04 [scrapy.core.scraper] DEBUG: Scraped from <200 http://www.daomubiji.com/dao-mu-bi-ji-1>
None
2018-11-30 14:11:04 [scrapy.core.scraper] DEBUG: Scraped from <200 http://www.daomubiji.com/dao-mu-bi-ji-1>
None
2018-11-30 14:11:04 [scrapy.core.scraper] DEBUG: Scraped from <200 http://www.daomubiji.com/dao-mu-bi-ji-1>
None
2018-11-30 14:11:04 [scrapy.core.scraper] DEBUG: Scraped from <200 http://www.daomubiji.com/dao-mu-bi-ji-1>
None
2018-11-30 14:11:04 [scrapy.core.scraper] DEBUG: Scraped from <200 http://www.daomubiji.com/dao-mu-bi-ji-1>
None
2018-11-30 14:11:04 [scrapy.core.scraper] DEBUG: Scraped from <200 http://www.daomubiji.com/dao-mu-bi-ji-1>
None
2018-11-30 14:11:04 [scrapy.core.scraper] DEBUG: Scraped from <200 http://www.daomubiji.com/dao-mu-bi-ji-1>
None
2018-11-30 14:11:04 [scrapy.core.scraper] DEBUG: Scraped from <200 http://www.daomubiji.com/dao-mu-bi-ji-1>
None
2018-11-30 14:11:04 [scrapy.core.scraper] DEBUG: Scraped from <200 http://www.daomubiji.com/dao-mu-bi-ji-1>
None
2018-11-30 14:11:04 [scrapy.core.scraper] DEBUG: Scraped from <200 http://www.daomubiji.com/dao-mu-bi-ji-1>
None
2018-11-30 14:11:04 [scrapy.core.scraper] DEBUG: Scraped from <200 http://www.daomubiji.com/dao-mu-bi-ji-1>
None
2018-11-30 14:11:04 [scrapy.core.scraper] DEBUG: Scraped from <200 http://www.daomubiji.com/dao-mu-bi-ji-1>
None
2018-11-30 14:11:04 [scrapy.core.scraper] DEBUG: Scraped from <200 http://www.daomubiji.com/dao-mu-bi-ji-1>
None
2018-11-30 14:11:04 [scrapy.core.scraper] DEBUG: Scraped from <200 http://www.daomubiji.com/dao-mu-bi-ji-1>
None
2018-11-30 14:11:04 [scrapy.core.scraper] DEBUG: Scraped from <200 http://www.daomubiji.com/dao-mu-bi-ji-1>
None
2018-11-30 14:11:04 [scrapy.core.scraper] DEBUG: Scraped from <200 http://www.daomubiji.com/dao-mu-bi-ji-1>
None
2018-11-30 14:11:04 [scrapy.core.scraper] DEBUG: Scraped from <200 http://www.daomubiji.com/dao-mu-bi-ji-1>
None
2018-11-30 14:11:04 [scrapy.core.scraper] DEBUG: Scraped from <200 http://www.daomubiji.com/dao-mu-bi-ji-1>
None
2018-11-30 14:11:04 [scrapy.core.scraper] DEBUG: Scraped from <200 http://www.daomubiji.com/dao-mu-bi-ji-1>
None
2018-11-30 14:11:04 [scrapy.core.scraper] DEBUG: Scraped from <200 http://www.daomubiji.com/dao-mu-bi-ji-1>
None
2018-11-30 14:11:04 [scrapy.core.scraper] DEBUG: Scraped from <200 http://www.daomubiji.com/dao-mu-bi-ji-1>
None
2018-11-30 14:11:04 [scrapy.core.scraper] DEBUG: Scraped from <200 http://www.daomubiji.com/dao-mu-bi-ji-1>
None
2018-11-30 14:11:04 [scrapy.core.scraper] DEBUG: Scraped from <200 http://www.daomubiji.com/dao-mu-bi-ji-1>
None
2018-11-30 14:11:04 [scrapy.core.scraper] DEBUG: Scraped from <200 http://www.daomubiji.com/dao-mu-bi-ji-1>
None
2018-11-30 14:11:04 [scrapy.core.scraper] DEBUG: Scraped from <200 http://www.daomubiji.com/dao-mu-bi-ji-1>
None
2018-11-30 14:11:04 [scrapy.core.scraper] DEBUG: Scraped from <200 http://www.daomubiji.com/dao-mu-bi-ji-1>
None
2018-11-30 14:11:04 [scrapy.core.scraper] DEBUG: Scraped from <200 http://www.daomubiji.com/dao-mu-bi-ji-1>
None
2018-11-30 14:11:04 [scrapy.core.scraper] DEBUG: Scraped from <200 http://www.daomubiji.com/dao-mu-bi-ji-1>
None
2018-11-30 14:11:04 [scrapy.core.scraper] DEBUG: Scraped from <200 http://www.daomubiji.com/dao-mu-bi-ji-1>
None
2018-11-30 14:11:04 [scrapy.core.scraper] DEBUG: Scraped from <200 http://www.daomubiji.com/dao-mu-bi-ji-1>
None
2018-11-30 14:11:04 [scrapy.core.scraper] DEBUG: Scraped from <200 http://www.daomubiji.com/dao-mu-bi-ji-1>
None
2018-11-30 14:11:04 [scrapy.core.scraper] DEBUG: Scraped from <200 http://www.daomubiji.com/dao-mu-bi-ji-1>
None
2018-11-30 14:11:04 [scrapy.core.scraper] DEBUG: Scraped from <200 http://www.daomubiji.com/dao-mu-bi-ji-1>
None
2018-11-30 14:11:04 [scrapy.core.scraper] DEBUG: Scraped from <200 http://www.daomubiji.com/dao-mu-bi-ji-1>
None
2018-11-30 14:11:04 [scrapy.core.scraper] DEBUG: Scraped from <200 http://www.daomubiji.com/dao-mu-bi-ji-1>
None
2018-11-30 14:11:04 [scrapy.core.scraper] DEBUG: Scraped from <200 http://www.daomubiji.com/dao-mu-bi-ji-1>
None
2018-11-30 14:11:04 [scrapy.core.scraper] DEBUG: Scraped from <200 http://www.daomubiji.com/dao-mu-bi-ji-1>
None
2018-11-30 14:11:04 [scrapy.core.scraper] DEBUG: Scraped from <200 http://www.daomubiji.com/dao-mu-bi-ji-1>
None
2018-11-30 14:11:04 [scrapy.core.scraper] DEBUG: Scraped from <200 http://www.daomubiji.com/dao-mu-bi-ji-1>
None
2018-11-30 14:11:04 [scrapy.core.scraper] DEBUG: Scraped from <200 http://www.daomubiji.com/dao-mu-bi-ji-1>
None
2018-11-30 14:11:04 [scrapy.core.scraper] DEBUG: Scraped from <200 http://www.daomubiji.com/dao-mu-bi-ji-1>
None
2018-11-30 14:11:04 [scrapy.core.scraper] DEBUG: Scraped from <200 http://www.daomubiji.com/dao-mu-bi-ji-1>
None
2018-11-30 14:11:04 [scrapy.core.scraper] DEBUG: Scraped from <200 http://www.daomubiji.com/dao-mu-bi-ji-1>
None
2018-11-30 14:11:04 [scrapy.core.scraper] DEBUG: Scraped from <200 http://www.daomubiji.com/dao-mu-bi-ji-1>
None
2018-11-30 14:11:04 [scrapy.core.scraper] DEBUG: Scraped from <200 http://www.daomubiji.com/dao-mu-bi-ji-1>
None
2018-11-30 14:11:04 [scrapy.core.scraper] DEBUG: Scraped from <200 http://www.daomubiji.com/dao-mu-bi-ji-1>
None
2018-11-30 14:11:04 [scrapy.core.scraper] DEBUG: Scraped from <200 http://www.daomubiji.com/dao-mu-bi-ji-1>
None
2018-11-30 14:11:04 [scrapy.core.engine] INFO: Closing spider (finished)
2018-11-30 14:11:04 [scrapy.statscollectors] INFO: Dumping Scrapy stats:
{'downloader/request_bytes': 207,
 'downloader/request_count': 1,
 'downloader/request_method_count/GET': 1,
 'downloader/response_bytes': 3919,
 'downloader/response_count': 1,
 'downloader/response_status_count/200': 1,
 'finish_reason': 'finished',
 'finish_time': datetime.datetime(2018, 11, 30, 6, 11, 4, 475188),
 'item_scraped_count': 75,
 'log_count/DEBUG': 77,
 'log_count/INFO': 7,
 'memusage/max': 51347456,
 'memusage/startup': 51347456,
 'response_received_count': 1,
 'scheduler/dequeued': 1,
 'scheduler/dequeued/memory': 1,
 'scheduler/enqueued': 1,
 'scheduler/enqueued/memory': 1,
 'start_time': datetime.datetime(2018, 11, 30, 6, 11, 1, 725131)}
2018-11-30 14:11:04 [scrapy.core.engine] INFO: Spider closed (finished)
